Playing 5 rounds

Initial

   ---   ---   --- 10M     --- 11M  
   ---  8M     ---   ---  0XXX   ---
   ---  2XXX  3( )   ---  1XXX  5( )
   ---   ---   ---   ---   ---   ---
  6C     ---   ---   ---   ---   ---
   ---   ---   ---  7C     ---   ---
   ---   ---   ---   ---   --- 12M  
   ---   ---  4( )   ---   ---  9M  


======================
Round 1
======================
6 cat's turn
6 cat: Targetting 8
6 cat: Going from (4,0) to (3,0)
   ---   ---   --- 10M     --- 11M  
   ---  8M     ---   ---  0XXX   ---
   ---  2XXX  3( )   ---  1XXX  5( )
  6C     ---   ---   ---   ---   ---
   ---   ---   ---   ---   ---   ---
   ---   ---   ---  7C     ---   ---
   ---   ---   ---   ---   --- 12M  
   ---   ---  4( )   ---   ---  9M  

7 cat's turn
7 cat: Targetting 12
7 cat: Going from (5,3) to (6,3)
   ---   ---   --- 10M     --- 11M  
   ---  8M     ---   ---  0XXX   ---
   ---  2XXX  3( )   ---  1XXX  5( )
  6C     ---   ---   ---   ---   ---
   ---   ---   ---   ---   ---   ---
   ---   ---   ---   ---   ---   ---
   ---   ---   ---  7C     --- 12M  
   ---   ---  4( )   ---   ---  9M  

8 mouse's turn
8 mouse: Targetting 3
8 mouse: I can't move there
2 brick: Ha ha
   ---   ---   --- 10M     --- 11M  
   ---  8M     ---   ---  0XXX   ---
   ---  2XXX  3( )   ---  1XXX  5( )
  6C     ---   ---   ---   ---   ---
   ---   ---   ---   ---   ---   ---
   ---   ---   ---   ---   ---   ---
   ---   ---   ---  7C     --- 12M  
   ---   ---  4( )   ---   ---  9M  

9 mouse's turn
9 mouse: Targetting 4
9 mouse: Going from (7,5) to (7,4)
   ---   ---   --- 10M     --- 11M  
   ---  8M     ---   ---  0XXX   ---
   ---  2XXX  3( )   ---  1XXX  5( )
  6C     ---   ---   ---   ---   ---
   ---   ---   ---   ---   ---   ---
   ---   ---   ---   ---   ---   ---
   ---   ---   ---  7C     --- 12M  
   ---   ---  4( )   ---  9M     ---

10 mouse's turn
10 mouse: Targetting 3
10 mouse: Going from (0,3) to (1,3)
   ---   ---   ---   ---   --- 11M  
   ---  8M     --- 10M    0XXX   ---
   ---  2XXX  3( )   ---  1XXX  5( )
  6C     ---   ---   ---   ---   ---
   ---   ---   ---   ---   ---   ---
   ---   ---   ---   ---   ---   ---
   ---   ---   ---  7C     --- 12M  
   ---   ---  4( )   ---  9M     ---

11 mouse's turn
11 mouse: I'm staying here
   ---   ---   ---   ---   --- 11M  
   ---  8M     --- 10M    0XXX   ---
   ---  2XXX  3( )   ---  1XXX  5( )
  6C     ---   ---   ---   ---   ---
   ---   ---   ---   ---   ---   ---
   ---   ---   ---   ---   ---   ---
   ---   ---   ---  7C     --- 12M  
   ---   ---  4( )   ---  9M     ---

12 mouse's turn
12 mouse: Going from (6,5) to (5,5)
   ---   ---   ---   ---   --- 11M  
   ---  8M     --- 10M    0XXX   ---
   ---  2XXX  3( )   ---  1XXX  5( )
  6C     ---   ---   ---   ---   ---
   ---   ---   ---   ---   ---   ---
   ---   ---   ---   ---   --- 12M  
   ---   ---   ---  7C     ---   ---
   ---   ---  4( )   ---  9M     ---

======================
Round 2
======================
6 cat's turn
6 cat: Going from (3,0) to (2,0)
   ---   ---   ---   ---   --- 11M  
   ---  8M     --- 10M    0XXX   ---
  6C    2XXX  3( )   ---  1XXX  5( )
   ---   ---   ---   ---   ---   ---
   ---   ---   ---   ---   ---   ---
   ---   ---   ---   ---   --- 12M  
   ---   ---   ---  7C     ---   ---
   ---   ---  4( )   ---  9M     ---

7 cat's turn
7 cat: Going from (6,3) to (5,3)
   ---   ---   ---   ---   --- 11M  
   ---  8M     --- 10M    0XXX   ---
  6C    2XXX  3( )   ---  1XXX  5( )
   ---   ---   ---   ---   ---   ---
   ---   ---   ---   ---   ---   ---
   ---   ---   ---  7C     --- 12M  
   ---   ---   ---   ---   ---   ---
   ---   ---  4( )   ---  9M     ---

8 mouse's turn
8 mouse: I can't move there
2 brick: Ha ha
   ---   ---   ---   ---   --- 11M  
   ---  8M     --- 10M    0XXX   ---
  6C    2XXX  3( )   ---  1XXX  5( )
   ---   ---   ---   ---   ---   ---
   ---   ---   ---   ---   ---   ---
   ---   ---   ---  7C     --- 12M  
   ---   ---   ---   ---   ---   ---
   ---   ---  4( )   ---  9M     ---

9 mouse's turn
9 mouse: Going from (7,4) to (7,3)
   ---   ---   ---   ---   --- 11M  
   ---  8M     --- 10M    0XXX   ---
  6C    2XXX  3( )   ---  1XXX  5( )
   ---   ---   ---   ---   ---   ---
   ---   ---   ---   ---   ---   ---
   ---   ---   ---  7C     --- 12M  
   ---   ---   ---   ---   ---   ---
   ---   ---  4( )  9M     ---   ---

10 mouse's turn
10 mouse: Going from (1,3) to (2,3)
   ---   ---   ---   ---   --- 11M  
   ---  8M     ---   ---  0XXX   ---
  6C    2XXX  3( ) 10M    1XXX  5( )
   ---   ---   ---   ---   ---   ---
   ---   ---   ---   ---   ---   ---
   ---   ---   ---  7C     --- 12M  
   ---   ---   ---   ---   ---   ---
   ---   ---  4( )  9M     ---   ---

11 mouse's turn
11 mouse: I'm staying here
   ---   ---   ---   ---   --- 11M  
   ---  8M     ---   ---  0XXX   ---
  6C    2XXX  3( ) 10M    1XXX  5( )
   ---   ---   ---   ---   ---   ---
   ---   ---   ---   ---   ---   ---
   ---   ---   ---  7C     --- 12M  
   ---   ---   ---   ---   ---   ---
   ---   ---  4( )  9M     ---   ---

12 mouse's turn
12 mouse: Going from (5,5) to (4,5)
   ---   ---   ---   ---   --- 11M  
   ---  8M     ---   ---  0XXX   ---
  6C    2XXX  3( ) 10M    1XXX  5( )
   ---   ---   ---   ---   ---   ---
   ---   ---   ---   ---   --- 12M  
   ---   ---   ---  7C     ---   ---
   ---   ---   ---   ---   ---   ---
   ---   ---  4( )  9M     ---   ---

======================
Round 3
======================
6 cat's turn
6 cat: Going from (2,0) to (1,0)
   ---   ---   ---   ---   --- 11M  
  6C    8M     ---   ---  0XXX   ---
   ---  2XXX  3( ) 10M    1XXX  5( )
   ---   ---   ---   ---   ---   ---
   ---   ---   ---   ---   --- 12M  
   ---   ---   ---  7C     ---   ---
   ---   ---   ---   ---   ---   ---
   ---   ---  4( )  9M     ---   ---

7 cat's turn
7 cat: Going from (5,3) to (4,3)
   ---   ---   ---   ---   --- 11M  
  6C    8M     ---   ---  0XXX   ---
   ---  2XXX  3( ) 10M    1XXX  5( )
   ---   ---   ---   ---   ---   ---
   ---   ---   ---  7C     --- 12M  
   ---   ---   ---   ---   ---   ---
   ---   ---   ---   ---   ---   ---
   ---   ---  4( )  9M     ---   ---

8 mouse's turn
8 mouse: I can't move there
2 brick: Ha ha
   ---   ---   ---   ---   --- 11M  
  6C    8M     ---   ---  0XXX   ---
   ---  2XXX  3( ) 10M    1XXX  5( )
   ---   ---   ---   ---   ---   ---
   ---   ---   ---  7C     --- 12M  
   ---   ---   ---   ---   ---   ---
   ---   ---   ---   ---   ---   ---
   ---   ---  4( )  9M     ---   ---

9 mouse's turn
9 mouse: Safe at last
   ---   ---   ---   ---   --- 11M  
  6C    8M     ---   ---  0XXX   ---
   ---  2XXX  3( ) 10M    1XXX  5( )
   ---   ---   ---   ---   ---   ---
   ---   ---   ---  7C     --- 12M  
   ---   ---   ---   ---   ---   ---
   ---   ---   ---   ---   ---   ---
   ---   ---  9Mok   ---   ---   ---

10 mouse's turn
10 mouse: Safe at last
   ---   ---   ---   ---   --- 11M  
  6C    8M     ---   ---  0XXX   ---
   ---  2XXX 10Mok   ---  1XXX  5( )
   ---   ---   ---   ---   ---   ---
   ---   ---   ---  7C     --- 12M  
   ---   ---   ---   ---   ---   ---
   ---   ---   ---   ---   ---   ---
   ---   ---  9Mok   ---   ---   ---

11 mouse's turn
11 mouse: I'm staying here
   ---   ---   ---   ---   --- 11M  
  6C    8M     ---   ---  0XXX   ---
   ---  2XXX 10Mok   ---  1XXX  5( )
   ---   ---   ---   ---   ---   ---
   ---   ---   ---  7C     --- 12M  
   ---   ---   ---   ---   ---   ---
   ---   ---   ---   ---   ---   ---
   ---   ---  9Mok   ---   ---   ---

12 mouse's turn
12 mouse: Going from (4,5) to (3,5)
   ---   ---   ---   ---   --- 11M  
  6C    8M     ---   ---  0XXX   ---
   ---  2XXX 10Mok   ---  1XXX  5( )
   ---   ---   ---   ---   --- 12M  
   ---   ---   ---  7C     ---   ---
   ---   ---   ---   ---   ---   ---
   ---   ---   ---   ---   ---   ---
   ---   ---  9Mok   ---   ---   ---

======================
Round 4
======================
6 cat's turn
8 mouse: Farewell cruel world
6 cat to 8 mouse: Dinner is served
   ---   ---   ---   ---   --- 11M  
   ---  8rip   ---   ---  0XXX   ---
   ---  2XXX 10Mok   ---  1XXX  5( )
   ---   ---   ---   ---   --- 12M  
   ---   ---   ---  7C     ---   ---
   ---   ---   ---   ---   ---   ---
   ---   ---   ---   ---   ---   ---
   ---   ---  9Mok   ---   ---   ---

7 cat's turn
7 cat: Going from (4,3) to (3,3)
   ---   ---   ---   ---   --- 11M  
   ---  8rip   ---   ---  0XXX   ---
   ---  2XXX 10Mok   ---  1XXX  5( )
   ---   ---   ---  7C     --- 12M  
   ---   ---   ---   ---   ---   ---
   ---   ---   ---   ---   ---   ---
   ---   ---   ---   ---   ---   ---
   ---   ---  9Mok   ---   ---   ---

11 mouse's turn
11 mouse: I'm staying here
   ---   ---   ---   ---   --- 11M  
   ---  8rip   ---   ---  0XXX   ---
   ---  2XXX 10Mok   ---  1XXX  5( )
   ---   ---   ---  7C     --- 12M  
   ---   ---   ---   ---   ---   ---
   ---   ---   ---   ---   ---   ---
   ---   ---   ---   ---   ---   ---
   ---   ---  9Mok   ---   ---   ---

12 mouse's turn
12 mouse: Safe at last
   ---   ---   ---   ---   --- 11M  
   ---  8rip   ---   ---  0XXX   ---
   ---  2XXX 10Mok   ---  1XXX 12Mok
   ---   ---   ---  7C     ---   ---
   ---   ---   ---   ---   ---   ---
   ---   ---   ---   ---   ---   ---
   ---   ---   ---   ---   ---   ---
   ---   ---  9Mok   ---   ---   ---

======================
Round 5
======================
6 cat's turn
   ---   ---   ---   ---   --- 11M  
   ---  8rip   ---   ---  0XXX   ---
   ---  2XXX 10Mok   ---  1XXX 12Mok
   ---   ---   ---  7C     ---   ---
   ---   ---   ---   ---   ---   ---
   ---   ---   ---   ---   ---   ---
   ---   ---   ---   ---   ---   ---
   ---   ---  9Mok   ---   ---   ---

7 cat's turn
7 cat: Going from (3,3) to (2,3)
   ---   ---   ---   ---   --- 11M  
   ---  8rip   ---   ---  0XXX   ---
   ---  2XXX 10Mok  7C    1XXX 12Mok
   ---   ---   ---   ---   ---   ---
   ---   ---   ---   ---   ---   ---
   ---   ---   ---   ---   ---   ---
   ---   ---   ---   ---   ---   ---
   ---   ---  9Mok   ---   ---   ---

11 mouse's turn
11 mouse: I'm staying here
   ---   ---   ---   ---   --- 11M  
   ---  8rip   ---   ---  0XXX   ---
   ---  2XXX 10Mok  7C    1XXX 12Mok
   ---   ---   ---   ---   ---   ---
   ---   ---   ---   ---   ---   ---
   ---   ---   ---   ---   ---   ---
   ---   ---   ---   ---   ---   ---
   ---   ---  9Mok   ---   ---   ---

Max rounds reached
